ReferenceError: bot is not defined
    at Object.<anonymous> (/data/data/com.termux/files/home/cerebro_control.js:2:1)
    at Module._compile (node:internal/modules/cjs/loader:1761:14)
    at Module._extensions..js (node:internal/modules/cjs/loader:1893:10)
    at Module.load (node:internal/modules/cjs/loader:1481:32)
    at Module._load (node:internal/modules/cjs/loader:1300:12)
    at Object.<anonymous> (/data/data/com.termux/files/usr/lib/node_modules/pm2/lib/ProcessContainerFork.js:33:23)
    at Module._compile (node:internal/modules/cjs/loader:1761:14)
    at Module._extensions..js (node:internal/modules/cjs/loader:1893:10)
    at Module.load (node:internal/modules/cjs/loader:1481:32)
    at Module._load (node:internal/modules/cjs/loader:1300:12)
ReferenceError: bot is not defined
    at Object.<anonymous> (/data/data/com.termux/files/home/cerebro_control.js:2:1)
    at Module._compile (node:internal/modules/cjs/loader:1761:14)
    at Module._extensions..js (node:internal/modules/cjs/loader:1893:10)
    at Module.load (node:internal/modules/cjs/loader:1481:32)
    at Module._load (node:internal/modules/cjs/loader:1300:12)
    at Object.<anonymous> (/data/data/com.termux/files/usr/lib/node_modules/pm2/lib/ProcessContainerFork.js:33:23)
    at Module._compile (node:internal/modules/cjs/loader:1761:14)
    at Module._extensions..js (node:internal/modules/cjs/loader:1893:10)
    at Module.load (node:internal/modules/cjs/loader:1481:32)
    at Module._load (node:internal/modules/cjs/loader:1300:12)
ReferenceError: bot is not defined
    at Object.<anonymous> (/data/data/com.termux/files/home/cerebro_control.js:2:1)
    at Module._compile (node:internal/modules/cjs/loader:1761:14)
    at Module._extensions..js (node:internal/modules/cjs/loader:1893:10)
    at Module.load (node:internal/modules/cjs/loader:1481:32)
    at Module._load (node:internal/modules/cjs/loader:1300:12)
    at Object.<anonymous> (/data/data/com.termux/files/usr/lib/node_modules/pm2/lib/ProcessContainerFork.js:33:23)
    at Module._compile (node:internal/modules/cjs/loader:1761:14)
    at Module._extensions..js (node:internal/modules/cjs/loader:1893:10)
    at Module.load (node:internal/modules/cjs/loader:1481:32)
    at Module._load (node:internal/modules/cjs/loader:1300:12)
ReferenceError: bot is not defined
    at Object.<anonymous> (/data/data/com.termux/files/home/cerebro_control.js:2:1)
    at Module._compile (node:internal/modules/cjs/loader:1761:14)
    at Module._extensions..js (node:internal/modules/cjs/loader:1893:10)
    at Module.load (node:internal/modules/cjs/loader:1481:32)
    at Module._load (node:internal/modules/cjs/loader:1300:12)
    at Object.<anonymous> (/data/data/com.termux/files/usr/lib/node_modules/pm2/lib/ProcessContainerFork.js:33:23)
    at Module._compile (node:internal/modules/cjs/loader:1761:14)
    at Module._extensions..js (node:internal/modules/cjs/loader:1893:10)
    at Module.load (node:internal/modules/cjs/loader:1481:32)
    at Module._load (node:internal/modules/cjs/loader:1300:12)
ReferenceError: bot is not defined
    at Object.<anonymous> (/data/data/com.termux/files/home/cerebro_control.js:2:1)
    at Module._compile (node:internal/modules/cjs/loader:1761:14)
    at Module._extensions..js (node:internal/modules/cjs/loader:1893:10)
    at Module.load (node:internal/modules/cjs/loader:1481:32)
    at Module._load (node:internal/modules/cjs/loader:1300:12)
    at Object.<anonymous> (/data/data/com.termux/files/usr/lib/node_modules/pm2/lib/ProcessContainerFork.js:33:23)
    at Module._compile (node:internal/modules/cjs/loader:1761:14)
    at Module._extensions..js (node:internal/modules/cjs/loader:1893:10)
    at Module.load (node:internal/modules/cjs/loader:1481:32)
    at Module._load (node:internal/modules/cjs/loader:1300:12)
ReferenceError: bot is not defined
    at Object.<anonymous> (/data/data/com.termux/files/home/cerebro_control.js:2:1)
    at Module._compile (node:internal/modules/cjs/loader:1761:14)
    at Module._extensions..js (node:internal/modules/cjs/loader:1893:10)
    at Module.load (node:internal/modules/cjs/loader:1481:32)
    at Module._load (node:internal/modules/cjs/loader:1300:12)
    at Object.<anonymous> (/data/data/com.termux/files/usr/lib/node_modules/pm2/lib/ProcessContainerFork.js:33:23)
    at Module._compile (node:internal/modules/cjs/loader:1761:14)
    at Module._extensions..js (node:internal/modules/cjs/loader:1893:10)
    at Module.load (node:internal/modules/cjs/loader:1481:32)
    at Module._load (node:internal/modules/cjs/loader:1300:12)
ReferenceError: bot is not defined
    at Object.<anonymous> (/data/data/com.termux/files/home/cerebro_control.js:2:1)
    at Module._compile (node:internal/modules/cjs/loader:1761:14)
    at Module._extensions..js (node:internal/modules/cjs/loader:1893:10)
    at Module.load (node:internal/modules/cjs/loader:1481:32)
    at Module._load (node:internal/modules/cjs/loader:1300:12)
    at Object.<anonymous> (/data/data/com.termux/files/usr/lib/node_modules/pm2/lib/ProcessContainerFork.js:33:23)
    at Module._compile (node:internal/modules/cjs/loader:1761:14)
    at Module._extensions..js (node:internal/modules/cjs/loader:1893:10)
    at Module.load (node:internal/modules/cjs/loader:1481:32)
    at Module._load (node:internal/modules/cjs/loader:1300:12)
ReferenceError: bot is not defined
    at Object.<anonymous> (/data/data/com.termux/files/home/cerebro_control.js:2:1)
    at Module._compile (node:internal/modules/cjs/loader:1761:14)
    at Module._extensions..js (node:internal/modules/cjs/loader:1893:10)
    at Module.load (node:internal/modules/cjs/loader:1481:32)
    at Module._load (node:internal/modules/cjs/loader:1300:12)
    at Object.<anonymous> (/data/data/com.termux/files/usr/lib/node_modules/pm2/lib/ProcessContainerFork.js:33:23)
    at Module._compile (node:internal/modules/cjs/loader:1761:14)
    at Module._extensions..js (node:internal/modules/cjs/loader:1893:10)
    at Module.load (node:internal/modules/cjs/loader:1481:32)
    at Module._load (node:internal/modules/cjs/loader:1300:12)
ReferenceError: bot is not defined
    at Object.<anonymous> (/data/data/com.termux/files/home/cerebro_control.js:2:1)
    at Module._compile (node:internal/modules/cjs/loader:1761:14)
    at Module._extensions..js (node:internal/modules/cjs/loader:1893:10)
    at Module.load (node:internal/modules/cjs/loader:1481:32)
    at Module._load (node:internal/modules/cjs/loader:1300:12)
    at Object.<anonymous> (/data/data/com.termux/files/usr/lib/node_modules/pm2/lib/ProcessContainerFork.js:33:23)
    at Module._compile (node:internal/modules/cjs/loader:1761:14)
    at Module._extensions..js (node:internal/modules/cjs/loader:1893:10)
    at Module.load (node:internal/modules/cjs/loader:1481:32)
    at Module._load (node:internal/modules/cjs/loader:1300:12)
ReferenceError: bot is not defined
    at Object.<anonymous> (/data/data/com.termux/files/home/cerebro_control.js:2:1)
    at Module._compile (node:internal/modules/cjs/loader:1761:14)
    at Module._extensions..js (node:internal/modules/cjs/loader:1893:10)
    at Module.load (node:internal/modules/cjs/loader:1481:32)
    at Module._load (node:internal/modules/cjs/loader:1300:12)
    at Object.<anonymous> (/data/data/com.termux/files/usr/lib/node_modules/pm2/lib/ProcessContainerFork.js:33:23)
    at Module._compile (node:internal/modules/cjs/loader:1761:14)
    at Module._extensions..js (node:internal/modules/cjs/loader:1893:10)
    at Module.load (node:internal/modules/cjs/loader:1481:32)
    at Module._load (node:internal/modules/cjs/loader:1300:12)
ReferenceError: bot is not defined
    at Object.<anonymous> (/data/data/com.termux/files/home/cerebro_control.js:2:1)
    at Module._compile (node:internal/modules/cjs/loader:1761:14)
    at Module._extensions..js (node:internal/modules/cjs/loader:1893:10)
    at Module.load (node:internal/modules/cjs/loader:1481:32)
    at Module._load (node:internal/modules/cjs/loader:1300:12)
    at Object.<anonymous> (/data/data/com.termux/files/usr/lib/node_modules/pm2/lib/ProcessContainerFork.js:33:23)
    at Module._compile (node:internal/modules/cjs/loader:1761:14)
    at Module._extensions..js (node:internal/modules/cjs/loader:1893:10)
    at Module.load (node:internal/modules/cjs/loader:1481:32)
    at Module._load (node:internal/modules/cjs/loader:1300:12)
ReferenceError: bot is not defined
    at Object.<anonymous> (/data/data/com.termux/files/home/cerebro_control.js:2:1)
    at Module._compile (node:internal/modules/cjs/loader:1761:14)
    at Module._extensions..js (node:internal/modules/cjs/loader:1893:10)
    at Module.load (node:internal/modules/cjs/loader:1481:32)
    at Module._load (node:internal/modules/cjs/loader:1300:12)
    at Object.<anonymous> (/data/data/com.termux/files/usr/lib/node_modules/pm2/lib/ProcessContainerFork.js:33:23)
    at Module._compile (node:internal/modules/cjs/loader:1761:14)
    at Module._extensions..js (node:internal/modules/cjs/loader:1893:10)
    at Module.load (node:internal/modules/cjs/loader:1481:32)
    at Module._load (node:internal/modules/cjs/loader:1300:12)
ReferenceError: bot is not defined
    at Object.<anonymous> (/data/data/com.termux/files/home/cerebro_control.js:2:1)
    at Module._compile (node:internal/modules/cjs/loader:1761:14)
    at Module._extensions..js (node:internal/modules/cjs/loader:1893:10)
    at Module.load (node:internal/modules/cjs/loader:1481:32)
    at Module._load (node:internal/modules/cjs/loader:1300:12)
    at Object.<anonymous> (/data/data/com.termux/files/usr/lib/node_modules/pm2/lib/ProcessContainerFork.js:33:23)
    at Module._compile (node:internal/modules/cjs/loader:1761:14)
    at Module._extensions..js (node:internal/modules/cjs/loader:1893:10)
    at Module.load (node:internal/modules/cjs/loader:1481:32)
    at Module._load (node:internal/modules/cjs/loader:1300:12)
ReferenceError: bot is not defined
    at Object.<anonymous> (/data/data/com.termux/files/home/cerebro_control.js:2:1)
    at Module._compile (node:internal/modules/cjs/loader:1761:14)
    at Module._extensions..js (node:internal/modules/cjs/loader:1893:10)
    at Module.load (node:internal/modules/cjs/loader:1481:32)
    at Module._load (node:internal/modules/cjs/loader:1300:12)
    at Object.<anonymous> (/data/data/com.termux/files/usr/lib/node_modules/pm2/lib/ProcessContainerFork.js:33:23)
    at Module._compile (node:internal/modules/cjs/loader:1761:14)
    at Module._extensions..js (node:internal/modules/cjs/loader:1893:10)
    at Module.load (node:internal/modules/cjs/loader:1481:32)
    at Module._load (node:internal/modules/cjs/loader:1300:12)
ReferenceError: bot is not defined
    at Object.<anonymous> (/data/data/com.termux/files/home/cerebro_control.js:2:1)
    at Module._compile (node:internal/modules/cjs/loader:1761:14)
    at Module._extensions..js (node:internal/modules/cjs/loader:1893:10)
    at Module.load (node:internal/modules/cjs/loader:1481:32)
    at Module._load (node:internal/modules/cjs/loader:1300:12)
    at Object.<anonymous> (/data/data/com.termux/files/usr/lib/node_modules/pm2/lib/ProcessContainerFork.js:33:23)
    at Module._compile (node:internal/modules/cjs/loader:1761:14)
    at Module._extensions..js (node:internal/modules/cjs/loader:1893:10)
    at Module.load (node:internal/modules/cjs/loader:1481:32)
    at Module._load (node:internal/modules/cjs/loader:1300:12)
ReferenceError: bot is not defined
    at Object.<anonymous> (/data/data/com.termux/files/home/cerebro_control.js:2:1)
    at Module._compile (node:internal/modules/cjs/loader:1761:14)
    at Module._extensions..js (node:internal/modules/cjs/loader:1893:10)
    at Module.load (node:internal/modules/cjs/loader:1481:32)
    at Module._load (node:internal/modules/cjs/loader:1300:12)
    at Object.<anonymous> (/data/data/com.termux/files/usr/lib/node_modules/pm2/lib/ProcessContainerFork.js:33:23)
    at Module._compile (node:internal/modules/cjs/loader:1761:14)
    at Module._extensions..js (node:internal/modules/cjs/loader:1893:10)
    at Module.load (node:internal/modules/cjs/loader:1481:32)
    at Module._load (node:internal/modules/cjs/loader:1300:12)
