0 verbose cli /data/data/com.termux/files/usr/bin/node /data/data/com.termux/files/usr/bin/npm
1 info using npm@11.10.0
2 info using node@v25.3.0
3 silly config load:file:/data/data/com.termux/files/usr/lib/node_modules/npm/npmrc
4 silly config load:file:/data/data/com.termux/files/home/bunker_unificado/.npmrc
5 silly config load:file:/data/data/com.termux/files/home/.npmrc
6 silly config load:file:/data/data/com.termux/files/usr/etc/npmrc
7 verbose title npm install express-basic-auth
8 verbose argv "install" "express-basic-auth"
9 verbose logfile logs-max:10 dir:/data/data/com.termux/files/home/.npm/_logs/2026-02-15T22_25_23_484Z-
10 verbose logfile /data/data/com.termux/files/home/.npm/_logs/2026-02-15T22_25_23_484Z-debug-0.log
11 silly logfile start cleaning logs, removing 1 files
12 silly packumentCache heap:1174405120 maxSize:293601280 maxEntrySize:146800640
13 silly logfile done cleaning log files
14 silly idealTree buildDeps
15 silly fetch manifest express-basic-auth@*
16 silly packumentCache full:https://registry.npmjs.org/express-basic-auth cache-miss
17 http fetch GET 200 https://registry.npmjs.org/express-basic-auth 703ms (cache miss)
18 silly packumentCache full:https://registry.npmjs.org/express-basic-auth set size:undefined disposed:false
19 silly placeDep ROOT express-basic-auth@1.2.1 OK for: bunker-web-v20@1.0.0 want: *
20 silly fetch manifest basic-auth@^2.0.1
21 silly packumentCache full:https://registry.npmjs.org/basic-auth cache-miss
22 http fetch GET 200 https://registry.npmjs.org/basic-auth 57ms (cache miss)
23 silly packumentCache full:https://registry.npmjs.org/basic-auth set size:undefined disposed:false
24 silly placeDep ROOT basic-auth@2.0.1 OK for: express-basic-auth@1.2.1 want: ^2.0.1
25 silly fetch manifest safe-buffer@5.1.2
26 silly packumentCache full:https://registry.npmjs.org/safe-buffer cache-miss
27 http fetch GET 200 https://registry.npmjs.org/safe-buffer 72ms (cache revalidated)
28 silly packumentCache full:https://registry.npmjs.org/safe-buffer set size:41183 disposed:false
29 silly placeDep node_modules/basic-auth safe-buffer@5.1.2 OK for: basic-auth@2.0.1 want: 5.1.2
30 silly reify moves {}
31 silly audit bulk request {
31 silly audit   '@babel/runtime': [ '7.28.6' ],
31 silly audit   '@google/generative-ai': [ '0.24.1' ],
31 silly audit   '@supabase/auth-js': [ '2.95.3' ],
31 silly audit   '@supabase/functions-js': [ '2.95.3' ],
31 silly audit   '@supabase/postgrest-js': [ '2.95.3' ],
31 silly audit   '@supabase/realtime-js': [ '2.95.3' ],
31 silly audit   '@supabase/storage-js': [ '2.95.3' ],
31 silly audit   '@supabase/supabase-js': [ '2.95.3' ],
31 silly audit   '@types/node': [ '25.2.3' ],
31 silly audit   '@types/pako': [ '2.0.4' ],
31 silly audit   '@types/phoenix': [ '1.6.7' ],
31 silly audit   '@types/raf': [ '3.4.3' ],
31 silly audit   '@types/trusted-types': [ '2.0.7' ],
31 silly audit   '@types/ws': [ '8.18.1' ],
31 silly audit   accepts: [ '1.3.8' ],
31 silly audit   negotiator: [ '0.6.3', '0.6.4' ],
31 silly audit   'array-flatten': [ '1.1.1' ],
31 silly audit   asynckit: [ '0.4.0' ],
31 silly audit   axios: [ '1.13.5' ],
31 silly audit   'base64-arraybuffer': [ '1.0.2' ],
31 silly audit   'body-parser': [ '1.20.4' ],
31 silly audit   bytes: [ '3.1.2' ],
31 silly audit   'call-bind-apply-helpers': [ '1.0.2' ],
31 silly audit   'call-bound': [ '1.0.4' ],
31 silly audit   canvg: [ '3.0.11' ],
31 silly audit   'combined-stream': [ '1.0.8' ],
31 silly audit   compressible: [ '2.0.18' ],
31 silly audit   compression: [ '1.8.1' ],
31 silly audit   'content-disposition': [ '0.5.4' ],
31 silly audit   'content-type': [ '1.0.5' ],
31 silly audit   cookie: [ '0.7.2' ],
31 silly audit   'cookie-signature': [ '1.0.7' ],
31 silly audit   'core-js': [ '3.48.0' ],
31 silly audit   'crypto-js': [ '4.2.0' ],
31 silly audit   'css-line-break': [ '2.1.0' ],
31 silly audit   debug: [ '2.6.9' ],
31 silly audit   'delayed-stream': [ '1.0.0' ],
31 silly audit   depd: [ '2.0.0' ],
31 silly audit   destroy: [ '1.2.0' ],
31 silly audit   dompurify: [ '3.3.1' ],
31 silly audit   dotenv: [ '17.3.1' ],
31 silly audit   'dunder-proto': [ '1.0.1' ],
31 silly audit   'ee-first': [ '1.1.1' ],
31 silly audit   encodeurl: [ '2.0.0' ],
31 silly audit   'es-define-property': [ '1.0.1' ],
31 silly audit   'es-errors': [ '1.3.0' ],
31 silly audit   'es-object-atoms': [ '1.1.1' ],
31 silly audit   'es-set-tostringtag': [ '2.1.0' ],
31 silly audit   'escape-html': [ '1.0.3' ],
31 silly audit   etag: [ '1.8.1' ],
31 silly audit   express: [ '4.22.1' ],
31 silly audit   'express-rate-limit': [ '8.2.1' ],
31 silly audit   'fast-png': [ '6.4.0' ],
31 silly audit   fflate: [ '0.8.2' ],
31 silly audit   finalhandler: [ '1.3.2' ],
31 silly audit   'follow-redirects': [ '1.15.11' ],
31 silly audit   'form-data': [ '4.0.5' ],
31 silly audit   forwarded: [ '0.2.0' ],
31 silly audit   fresh: [ '0.5.2' ],
31 silly audit   fs: [ '0.0.1-security' ],
31 silly audit   'function-bind': [ '1.1.2' ],
31 silly audit   'get-intrinsic': [ '1.3.0' ],
31 silly audit   'get-proto': [ '1.0.1' ],
31 silly audit   gopd: [ '1.2.0' ],
31 silly audit   'graceful-fs': [ '4.2.11' ],
31 silly audit   'has-symbols': [ '1.1.0' ],
31 silly audit   'has-tostringtag': [ '1.0.2' ],
31 silly audit   hasown: [ '2.0.2' ],
31 silly audit   helmet: [ '8.1.0' ],
31 silly audit   html2canvas: [ '1.4.1' ],
31 silly audit   'http-errors': [ '2.0.1' ],
31 silly audit   'iceberg-js': [ '0.8.1' ],
31 silly audit   'iconv-lite': [ '0.4.24' ],
31 silly audit   inherits: [ '2.0.4', '2.0.3' ],
31 silly audit   iobuffer: [ '5.4.0' ],
31 silly audit   'ip-address': [ '10.0.1' ],
31 silly audit   'ipaddr.js': [ '1.9.1' ],
31 silly audit   'is-promise': [ '2.2.2' ],
31 silly audit   jspdf: [ '4.1.0' ],
31 silly audit   lodash: [ '4.17.23' ],
31 silly audit   lowdb: [ '1.0.0' ],
31 silly audit   'math-intrinsics': [ '1.1.0' ],
31 silly audit   'media-typer': [ '0.3.0' ],
31 silly audit   'merge-descriptors': [ '1.0.3' ],
31 silly audit   methods: [ '1.1.2' ],
31 silly audit   mime: [ '1.6.0' ],
31 silly audit   'mime-db': [ '1.54.0', '1.52.0' ],
31 silly audit   'mime-types': [ '2.1.35' ],
31 silly audit   ms: [ '2.0.0', '2.1.3' ],
31 silly audit   'object-inspect': [ '1.13.4' ],
31 silly audit   'on-finished': [ '2.4.1' ],
31 silly audit   'on-headers': [ '1.1.0' ],
31 silly audit   pako: [ '2.1.0' ],
31 silly audit   parseurl: [ '1.3.3' ],
31 silly audit   path: [ '0.12.7' ],
31 silly audit   'path-to-regexp': [ '0.1.12' ],
31 silly audit   'performance-now': [ '2.1.0' ],
31 silly audit   pg: [ '8.18.0' ],
31 silly audit   'pg-cloudflare': [ '1.3.0' ],
31 silly audit   'pg-connection-string': [ '2.11.0' ],
31 silly audit   'pg-int8': [ '1.0.1' ],
31 silly audit   'pg-pool': [ '3.11.0' ],
31 silly audit   'pg-protocol': [ '1.11.0' ],
31 silly audit   'pg-types': [ '2.2.0' ],
31 silly audit   pgpass: [ '1.0.5' ],
31 silly audit   pify: [ '3.0.0' ],
31 silly audit   'postgres-array': [ '2.0.0' ],
31 silly audit   'postgres-bytea': [ '1.0.1' ],
31 silly audit   'postgres-date': [ '1.0.7' ],
31 silly audit   'postgres-interval': [ '1.2.0' ],
31 silly audit   process: [ '0.11.10' ],
31 silly audit   'proxy-addr': [ '2.0.7' ],
31 silly audit   'proxy-from-env': [ '1.1.0' ],
31 silly audit   qs: [ '6.14.2' ],
31 silly audit   raf: [ '3.4.1' ],
31 silly audit   'range-parser': [ '1.2.1' ],
31 silly audit   'raw-body': [ '2.5.3' ],
31 silly audit   'regenerator-runtime': [ '0.13.11' ],
31 silly audit   rgbcolor: [ '1.0.1' ],
31 silly audit   'safe-buffer': [ '5.2.1', '5.1.2' ],
31 silly audit   'safer-buffer': [ '2.1.2' ],
31 silly audit   send: [ '0.19.2' ],
31 silly audit   'serve-static': [ '1.16.3' ],
31 silly audit   setprototypeof: [ '1.2.0' ],
31 silly audit   'side-channel': [ '1.1.0' ],
31 silly audit   'side-channel-list': [ '1.0.0' ],
31 silly audit   'side-channel-map': [ '1.0.1' ],
31 silly audit   'side-channel-weakmap': [ '1.0.2' ],
31 silly audit   split2: [ '4.2.0' ],
31 silly audit   'stackblur-canvas': [ '2.7.0' ],
31 silly audit   statuses: [ '2.0.2' ],
31 silly audit   steno: [ '0.4.4' ],
31 silly audit   stripe: [ '20.3.1' ],
31 silly audit   'svg-pathdata': [ '6.0.3' ],
31 silly audit   'text-segmentation': [ '1.0.3' ],
31 silly audit   toidentifier: [ '1.0.1' ],
31 silly audit   tslib: [ '2.8.1' ],
31 silly audit   'type-is': [ '1.6.18' ],
31 silly audit   'undici-types': [ '7.16.0' ],
31 silly audit   unpipe: [ '1.0.0' ],
31 silly audit   util: [ '0.10.4' ],
31 silly audit   'utils-merge': [ '1.0.1' ],
31 silly audit   utrie: [ '1.0.2' ],
31 silly audit   vary: [ '1.1.2' ],
31 silly audit   ws: [ '8.19.0' ],
31 silly audit   xtend: [ '4.0.2' ],
31 silly audit   'express-basic-auth': [ '1.2.1' ],
31 silly audit   'basic-auth': [ '2.0.1' ]
31 silly audit }
32 http cache basic-auth@https://registry.npmjs.org/basic-auth/-/basic-auth-2.0.1.tgz 0ms (cache hit)
33 http cache express-basic-auth@https://registry.npmjs.org/express-basic-auth/-/express-basic-auth-1.2.1.tgz 0ms (cache hit)
34 http cache safe-buffer@https://registry.npmjs.org/safe-buffer/-/safe-buffer-5.1.2.tgz 0ms (cache hit)
35 silly tarball no local data for express-basic-auth@https://registry.npmjs.org/express-basic-auth/-/express-basic-auth-1.2.1.tgz. Extracting by manifest.
36 silly tarball no local data for basic-auth@https://registry.npmjs.org/basic-auth/-/basic-auth-2.0.1.tgz. Extracting by manifest.
37 http fetch GET 200 https://registry.npmjs.org/basic-auth/-/basic-auth-2.0.1.tgz 130ms (cache miss)
38 http fetch POST 200 https://registry.npmjs.org/-/npm/v1/security/advisories/bulk 279ms
39 silly audit report {}
40 http fetch GET 200 https://registry.npmjs.org/express-basic-auth/-/express-basic-auth-1.2.1.tgz 275ms (cache miss)
41 silly ADD node_modules/basic-auth
42 silly ADD node_modules/basic-auth/node_modules/safe-buffer
43 silly ADD node_modules/express-basic-auth
44 verbose cwd /data/data/com.termux/files/home/bunker_unificado
45 verbose os Linux 5.15.178-android13-8-31998796-abS918BXXS8EZA1
46 verbose node v25.3.0
47 verbose npm  v11.10.0
48 verbose exit 0
49 info ok
