0 verbose cli /data/data/com.termux/files/usr/bin/node /data/data/com.termux/files/usr/bin/npm
1 info using npm@11.10.0
2 info using node@v25.3.0
3 silly config load:file:/data/data/com.termux/files/usr/lib/node_modules/npm/npmrc
4 silly config load:file:/data/data/com.termux/files/home/.npmrc
5 silly config load:file:/data/data/com.termux/files/usr/etc/npmrc
6 verbose title npm install @google/generative-ai@latest
7 verbose argv "install" "@google/generative-ai@latest"
8 verbose logfile logs-max:10 dir:/data/data/com.termux/files/home/.npm/_logs/2026-02-17T01_40_09_751Z-
9 verbose logfile /data/data/com.termux/files/home/.npm/_logs/2026-02-17T01_40_09_751Z-debug-0.log
10 silly logfile start cleaning logs, removing 1 files
11 silly packumentCache heap:1174405120 maxSize:293601280 maxEntrySize:146800640
12 silly logfile done cleaning log files
13 silly packumentCache corgi:https://registry.npmjs.org/@google%2fgenerative-ai cache-miss
14 http fetch GET 200 https://registry.npmjs.org/@google%2fgenerative-ai 1373ms (cache miss)
15 silly packumentCache corgi:https://registry.npmjs.org/@google%2fgenerative-ai set size:undefined disposed:false
16 silly idealTree buildDeps
17 silly fetch manifest @google/generative-ai@0.24.1
18 silly packumentCache full:https://registry.npmjs.org/@google%2fgenerative-ai cache-miss
19 http fetch GET 200 https://registry.npmjs.org/@google%2fgenerative-ai 444ms (cache revalidated)
20 silly packumentCache full:https://registry.npmjs.org/@google%2fgenerative-ai set size:118041 disposed:false
21 silly placeDep ROOT @google/generative-ai@0.24.1 OK for: bunker-unificado@1.0.0 want: 0.24.1
22 silly reify moves {}
23 silly audit bulk request {
23 silly audit   accepts: [ '1.3.8' ],
23 silly audit   'array-flatten': [ '1.1.1' ],
23 silly audit   'body-parser': [ '1.20.4' ],
23 silly audit   debug: [ '2.6.9' ],
23 silly audit   'iconv-lite': [ '0.4.24' ],
23 silly audit   ms: [ '2.0.0', '2.1.3' ],
23 silly audit   bytes: [ '3.1.2' ],
23 silly audit   'call-bind-apply-helpers': [ '1.0.2' ],
23 silly audit   'call-bound': [ '1.0.4' ],
23 silly audit   'content-disposition': [ '0.5.4' ],
23 silly audit   'content-type': [ '1.0.5' ],
23 silly audit   cookie: [ '0.7.2' ],
23 silly audit   'cookie-signature': [ '1.0.7' ],
23 silly audit   depd: [ '2.0.0' ],
23 silly audit   destroy: [ '1.2.0' ],
23 silly audit   'dunder-proto': [ '1.0.1' ],
23 silly audit   'ee-first': [ '1.1.1' ],
23 silly audit   encodeurl: [ '2.0.0' ],
23 silly audit   'es-define-property': [ '1.0.1' ],
23 silly audit   'es-errors': [ '1.3.0' ],
23 silly audit   'es-object-atoms': [ '1.1.1' ],
23 silly audit   'escape-html': [ '1.0.3' ],
23 silly audit   etag: [ '1.8.1' ],
23 silly audit   express: [ '4.22.1' ],
23 silly audit   finalhandler: [ '1.3.2' ],
23 silly audit   forwarded: [ '0.2.0' ],
23 silly audit   fresh: [ '0.5.2' ],
23 silly audit   'function-bind': [ '1.1.2' ],
23 silly audit   'get-intrinsic': [ '1.3.0' ],
23 silly audit   'get-proto': [ '1.0.1' ],
23 silly audit   gopd: [ '1.2.0' ],
23 silly audit   'has-symbols': [ '1.1.0' ],
23 silly audit   hasown: [ '2.0.2' ],
23 silly audit   'http-errors': [ '2.0.1' ],
23 silly audit   inherits: [ '2.0.4' ],
23 silly audit   'ipaddr.js': [ '1.9.1' ],
23 silly audit   'math-intrinsics': [ '1.1.0' ],
23 silly audit   'media-typer': [ '0.3.0' ],
23 silly audit   'merge-descriptors': [ '1.0.3' ],
23 silly audit   methods: [ '1.1.2' ],
23 silly audit   mime: [ '1.6.0' ],
23 silly audit   'mime-db': [ '1.52.0' ],
23 silly audit   'mime-types': [ '2.1.35' ],
23 silly audit   negotiator: [ '0.6.3' ],
23 silly audit   'object-inspect': [ '1.13.4' ],
23 silly audit   'on-finished': [ '2.4.1' ],
23 silly audit   parseurl: [ '1.3.3' ],
23 silly audit   'path-to-regexp': [ '0.1.12' ],
23 silly audit   'proxy-addr': [ '2.0.7' ],
23 silly audit   qs: [ '6.14.1' ],
23 silly audit   'range-parser': [ '1.2.1' ],
23 silly audit   'raw-body': [ '2.5.3' ],
23 silly audit   'safe-buffer': [ '5.2.1' ],
23 silly audit   'safer-buffer': [ '2.1.2' ],
23 silly audit   send: [ '0.19.2' ],
23 silly audit   'serve-static': [ '1.16.3' ],
23 silly audit   setprototypeof: [ '1.2.0' ],
23 silly audit   'side-channel': [ '1.1.0' ],
23 silly audit   'side-channel-list': [ '1.0.0' ],
23 silly audit   'side-channel-map': [ '1.0.1' ],
23 silly audit   'side-channel-weakmap': [ '1.0.2' ],
23 silly audit   statuses: [ '2.0.2' ],
23 silly audit   toidentifier: [ '1.0.1' ],
23 silly audit   'type-is': [ '1.6.18' ],
23 silly audit   unpipe: [ '1.0.0' ],
23 silly audit   'utils-merge': [ '1.0.1' ],
23 silly audit   vary: [ '1.1.2' ],
23 silly audit   '@google/generative-ai': [ '0.24.1' ]
23 silly audit }
24 http cache @google/generative-ai@https://registry.npmjs.org/@google/generative-ai/-/generative-ai-0.24.1.tgz 0ms (cache hit)
25 http fetch POST 200 https://registry.npmjs.org/-/npm/v1/security/advisories/bulk 268ms
26 silly audit report {
26 silly audit report   qs: [
26 silly audit report     {
26 silly audit report       id: 1113161,
26 silly audit report       url: 'https://github.com/advisories/GHSA-w7fw-mjwx-w883',
26 silly audit report       title: "qs's arrayLimit bypass in comma parsing allows denial of service",
26 silly audit report       severity: 'low',
26 silly audit report       vulnerable_versions: '>=6.7.0 <=6.14.1',
26 silly audit report       cwe: [Array],
26 silly audit report       cvss: [Object]
26 silly audit report     }
26 silly audit report   ]
26 silly audit report }
27 silly packumentCache corgi:https://registry.npmjs.org/qs cache-miss
28 http fetch GET 200 https://registry.npmjs.org/qs 65ms (cache updated)
29 silly packumentCache corgi:https://registry.npmjs.org/qs set size:undefined disposed:false
30 silly packumentCache corgi:https://registry.npmjs.org/body-parser cache-miss
31 silly packumentCache corgi:https://registry.npmjs.org/express cache-miss
32 http fetch GET 200 https://registry.npmjs.org/body-parser 50ms (cache revalidated)
33 silly packumentCache corgi:https://registry.npmjs.org/body-parser set size:77795 disposed:false
34 http fetch GET 200 https://registry.npmjs.org/express 125ms (cache revalidated)
35 silly packumentCache corgi:https://registry.npmjs.org/express set size:337735 disposed:false
36 silly ADD node_modules/@google/generative-ai
37 verbose cwd /data/data/com.termux/files/home/bot_final
38 verbose os Linux 5.15.178-android13-8-31998796-abS918BXXS8EZA1
39 verbose node v25.3.0
40 verbose npm  v11.10.0
41 verbose exit 0
42 info ok
